<component name="libraryTable">
  <library name="junit-jupiter-5.5.1">
    <CLASSES>
      <root url="jar://$PROJECT_DIR$/libs/junit-jupiter-5.5.1.jar!/" />
    </CLASSES>
    <JAVADOC />
    <SOURCES />
  </library>
</component>